[09-Sep-2022 12:24:52 UTC] PHP Fatal error:  Allowed memory size of 134217728 bytes exhausted (tried to allocate 20480 bytes) in /home/pjovanovic/public_html/digitel/wp-includes/wp-db.php on line 2246
[09-Sep-2022 12:24:58 UTC] PHP Fatal error:  Allowed memory size of 134217728 bytes exhausted (tried to allocate 20480 bytes) in /home/pjovanovic/public_html/digitel/wp-includes/wp-db.php on line 1509
[09-Sep-2022 12:25:01 UTC] PHP Fatal error:  Allowed memory size of 134217728 bytes exhausted (tried to allocate 262144 bytes) in /home/pjovanovic/public_html/digitel/wp-content/plugins/w3-total-cache/Cache_Base.php on line 199
[09-Sep-2022 12:25:01 UTC] PHP Fatal error:  Allowed memory size of 134217728 bytes exhausted (tried to allocate 262144 bytes) in Unknown on line 0
[09-Sep-2022 12:25:06 UTC] PHP Fatal error:  Allowed memory size of 134217728 bytes exhausted (tried to allocate 262144 bytes) in /home/pjovanovic/public_html/digitel/wp-includes/wp-db.php on line 2266
[09-Sep-2022 12:25:06 UTC] PHP Fatal error:  Allowed memory size of 134217728 bytes exhausted (tried to allocate 262144 bytes) in Unknown on line 0
[09-Sep-2022 12:25:11 UTC] PHP Fatal error:  Allowed memory size of 134217728 bytes exhausted (tried to allocate 20480 bytes) in /home/pjovanovic/public_html/digitel/wp-includes/wp-db.php on line 1509
[09-Sep-2022 12:25:16 UTC] PHP Fatal error:  Allowed memory size of 134217728 bytes exhausted (tried to allocate 262144 bytes) in /home/pjovanovic/public_html/digitel/wp-content/plugins/w3-total-cache/Cache_Base.php on line 199
[09-Sep-2022 12:25:16 UTC] PHP Fatal error:  Allowed memory size of 134217728 bytes exhausted (tried to allocate 262144 bytes) in Unknown on line 0
[09-Sep-2022 12:25:21 UTC] PHP Fatal error:  Allowed memory size of 134217728 bytes exhausted (tried to allocate 262144 bytes) in /home/pjovanovic/public_html/digitel/wp-includes/wp-db.php on line 2266
[09-Sep-2022 12:25:21 UTC] PHP Fatal error:  Allowed memory size of 134217728 bytes exhausted (tried to allocate 262144 bytes) in Unknown on line 0
[09-Sep-2022 12:25:28 UTC] PHP Fatal error:  Allowed memory size of 134217728 bytes exhausted (tried to allocate 20480 bytes) in /home/pjovanovic/public_html/digitel/wp-includes/wp-db.php on line 1509
[09-Sep-2022 12:25:33 UTC] PHP Fatal error:  Allowed memory size of 134217728 bytes exhausted (tried to allocate 262144 bytes) in /home/pjovanovic/public_html/digitel/wp-content/plugins/w3-total-cache/Config.php on line 136
[09-Sep-2022 12:25:33 UTC] PHP Fatal error:  Allowed memory size of 134217728 bytes exhausted (tried to allocate 262144 bytes) in /home/pjovanovic/public_html/digitel/wp-includes/class-wp-fatal-error-handler.php on line 34
[09-Sep-2022 12:25:47 UTC] PHP Fatal error:  Allowed memory size of 134217728 bytes exhausted (tried to allocate 262144 bytes) in /home/pjovanovic/public_html/digitel/wp-content/plugins/w3-total-cache/Cache_Base.php on line 199
[09-Sep-2022 12:25:47 UTC] PHP Fatal error:  Allowed memory size of 134217728 bytes exhausted (tried to allocate 262144 bytes) in Unknown on line 0
[09-Sep-2022 12:26:10 UTC] PHP Fatal error:  Allowed memory size of 134217728 bytes exhausted (tried to allocate 262144 bytes) in /home/pjovanovic/public_html/digitel/wp-content/plugins/w3-total-cache/Config.php on line 208
[09-Sep-2022 12:26:10 UTC] PHP Fatal error:  Allowed memory size of 134217728 bytes exhausted (tried to allocate 262144 bytes) in Unknown on line 0
[09-Sep-2022 12:26:19 UTC] PHP Fatal error:  Allowed memory size of 134217728 bytes exhausted (tried to allocate 262144 bytes) in /home/pjovanovic/public_html/digitel/wp-content/plugins/w3-total-cache/Config.php on line 136
[09-Sep-2022 12:26:19 UTC] PHP Fatal error:  Allowed memory size of 134217728 bytes exhausted (tried to allocate 262144 bytes) in /home/pjovanovic/public_html/digitel/wp-includes/class-wp-fatal-error-handler.php on line 34
[09-Sep-2022 12:32:04 UTC] PHP Fatal error:  Allowed memory size of 268435456 bytes exhausted (tried to allocate 20480 bytes) in /home/pjovanovic/public_html/digitel/wp-includes/wp-db.php on line 2246
[09-Sep-2022 12:32:04 UTC] PHP Notice:  Function is_embed was called <strong>incorrectly</strong>. Conditional query tags do not work before the query is run. Before then, they always return false. Please see <a href="https://wordpress.org/support/article/debugging-in-wordpress/">Debugging in WordPress</a> for more information. (This message was added in version 3.1.0.) in /home/pjovanovic/public_html/digitel/wp-includes/functions.php on line 5831
[09-Sep-2022 12:32:04 UTC] PHP Notice:  Function is_search was called <strong>incorrectly</strong>. Conditional query tags do not work before the query is run. Before then, they always return false. Please see <a href="https://wordpress.org/support/article/debugging-in-wordpress/">Debugging in WordPress</a> for more information. (This message was added in version 3.1.0.) in /home/pjovanovic/public_html/digitel/wp-includes/functions.php on line 5831
[09-Sep-2022 12:40:04 UTC] PHP Fatal error:  Allowed memory size of 268435456 bytes exhausted (tried to allocate 262144 bytes) in /home/pjovanovic/public_html/digitel/wp-includes/plugin.php on line 961
[09-Sep-2022 12:40:04 UTC] PHP Fatal error:  Allowed memory size of 268435456 bytes exhausted (tried to allocate 262144 bytes) in Unknown on line 0
[09-Sep-2022 12:40:04 UTC] PHP Fatal error:  Allowed memory size of 268435456 bytes exhausted (tried to allocate 262144 bytes) in Unknown on line 0
[09-Sep-2022 12:40:10 UTC] PHP Fatal error:  Allowed memory size of 268435456 bytes exhausted (tried to allocate 262144 bytes) in /home/pjovanovic/public_html/digitel/wp-includes/wp-db.php on line 2266
[09-Sep-2022 12:40:10 UTC] PHP Fatal error:  Allowed memory size of 268435456 bytes exhausted (tried to allocate 262144 bytes) in Unknown on line 0
[09-Sep-2022 12:40:10 UTC] PHP Fatal error:  Allowed memory size of 268435456 bytes exhausted (tried to allocate 262144 bytes) in Unknown on line 0
[09-Sep-2022 12:40:17 UTC] PHP Fatal error:  Allowed memory size of 268435456 bytes exhausted (tried to allocate 262144 bytes) in /home/pjovanovic/public_html/digitel/wp-content/plugins/w3-total-cache/ObjectCache_WpObjectCache_Regular.php on line 675
[09-Sep-2022 12:40:17 UTC] PHP Fatal error:  Allowed memory size of 268435456 bytes exhausted (tried to allocate 262144 bytes) in Unknown on line 0
[09-Sep-2022 12:40:17 UTC] PHP Fatal error:  Allowed memory size of 268435456 bytes exhausted (tried to allocate 262144 bytes) in Unknown on line 0
[09-Sep-2022 15:46:50 UTC] PHP Notice:  Trying to get property 'post_type' of non-object in /home/pjovanovic/public_html/digitel/wp-content/plugins/wordpress-seo/src/integrations/third-party/elementor.php on line 154
[09-Sep-2022 15:48:37 UTC] PHP Notice:  Trying to get property 'post_type' of non-object in /home/pjovanovic/public_html/digitel/wp-content/plugins/wordpress-seo/src/integrations/third-party/elementor.php on line 154
[09-Sep-2022 20:09:22 UTC] PHP Warning:  file_get_contents(/home/pjovanovic/public_html/digitel/wp-content/cache/autoptimize/autoptimize_snippet_eeb705d0bdccfd645d3bbd46dd1fbab3.php.none): failed to open stream: No such file or directory in /home/pjovanovic/public_html/digitel/wp-content/plugins/autoptimize/classes/autoptimizeCache.php on line 80
[10-Sep-2022 14:26:11 UTC] PHP Notice:  Trying to get property 'labels' of non-object in /home/pjovanovic/public_html/digitel/wp-content/plugins/elementor/core/app/modules/import-export/module.php on line 89
[10-Sep-2022 14:26:11 UTC] PHP Notice:  Trying to get property 'singular_name' of non-object in /home/pjovanovic/public_html/digitel/wp-content/plugins/elementor/core/app/modules/import-export/module.php on line 89
[10-Sep-2022 14:26:11 UTC] PHP Notice:  Trying to get property 'label' of non-object in /home/pjovanovic/public_html/digitel/wp-content/plugins/elementor/core/app/modules/import-export/module.php on line 90
[10-Sep-2022 14:28:00 UTC] PHP Notice:  Trying to get property 'post_type' of non-object in /home/pjovanovic/public_html/digitel/wp-content/plugins/wordpress-seo/src/integrations/third-party/elementor.php on line 154
[10-Sep-2022 14:30:31 UTC] PHP Notice:  Trying to get property 'post_type' of non-object in /home/pjovanovic/public_html/digitel/wp-content/plugins/wordpress-seo/src/integrations/third-party/elementor.php on line 154
[10-Sep-2022 14:31:34 UTC] PHP Notice:  Trying to get property 'post_type' of non-object in /home/pjovanovic/public_html/digitel/wp-content/plugins/wordpress-seo/src/integrations/third-party/elementor.php on line 154
[10-Sep-2022 14:32:06 UTC] PHP Notice:  Trying to get property 'post_type' of non-object in /home/pjovanovic/public_html/digitel/wp-content/plugins/wordpress-seo/src/integrations/third-party/elementor.php on line 154
[10-Sep-2022 14:33:46 UTC] PHP Notice:  Trying to get property 'post_type' of non-object in /home/pjovanovic/public_html/digitel/wp-content/plugins/wordpress-seo/src/integrations/third-party/elementor.php on line 154
[10-Sep-2022 14:34:16 UTC] PHP Notice:  Trying to get property 'post_type' of non-object in /home/pjovanovic/public_html/digitel/wp-content/plugins/wordpress-seo/src/integrations/third-party/elementor.php on line 154
[10-Sep-2022 14:36:03 UTC] PHP Notice:  Trying to get property 'post_type' of non-object in /home/pjovanovic/public_html/digitel/wp-content/plugins/wordpress-seo/src/integrations/third-party/elementor.php on line 154
[10-Sep-2022 14:36:24 UTC] PHP Notice:  Trying to get property 'post_type' of non-object in /home/pjovanovic/public_html/digitel/wp-content/plugins/wordpress-seo/src/integrations/third-party/elementor.php on line 154
[10-Sep-2022 14:37:22 UTC] PHP Notice:  Trying to get property 'post_type' of non-object in /home/pjovanovic/public_html/digitel/wp-content/plugins/wordpress-seo/src/integrations/third-party/elementor.php on line 154
[10-Sep-2022 14:37:42 UTC] PHP Notice:  Trying to get property 'post_type' of non-object in /home/pjovanovic/public_html/digitel/wp-content/plugins/wordpress-seo/src/integrations/third-party/elementor.php on line 154
[10-Sep-2022 14:41:39 UTC] PHP Notice:  Trying to get property 'post_type' of non-object in /home/pjovanovic/public_html/digitel/wp-content/plugins/wordpress-seo/src/integrations/third-party/elementor.php on line 154
